<?xml version="1.0" encoding="UTF-8"?>
<!-- Generated by org.testng.reporters.JUnitXMLReporter -->
<testsuite ignored="0" hostname="DESKTOP-4IOPE15" failures="0" tests="6" name="Test" time="0.153" errors="0" timestamp="2023-06-14T15:11:05 IST">
  <testcase classname="TestNg.example6_Sample1" name="TC1" time="0.017"/>
  <testcase classname="TestNg.example6_Sample1" name="TC2" time="0.003"/>
  <testcase classname="TestNg.example6_Sample1" name="TC3" time="0.005"/>
  <testcase classname="TestNg.example6_Sample2" name="TC4" time="0.006"/>
  <testcase classname="TestNg.example6_Sample2" name="TC5" time="0.001"/>
  <testcase classname="TestNg.example6_Sample2" name="TC6" time="0.002"/>
</testsuite> <!-- Test -->
