<?xml version="1.0" encoding="UTF-8"?>
<!-- Generated by org.testng.reporters.JUnitXMLReporter -->
<testsuite ignored="0" hostname="DESKTOP-4IOPE15" failures="0" tests="5" name="Test" time="0.252" errors="0" timestamp="2023-06-11T16:58:13 IST">
  <testcase classname="TestNg.example6_Sample1" name="TC1" time="0.017"/>
  <testcase classname="TestNg.example6_Sample1" name="TC2" time="0.009"/>
  <testcase classname="TestNg.example6_Sample2" name="TC4" time="0.006"/>
  <testcase classname="TestNg.example6_Sample2" name="TC5" time="0.019"/>
  <testcase classname="TestNg.example6_Sample2" name="TC6" time="0.011"/>
</testsuite> <!-- Test -->
