<?xml version="1.0" encoding="UTF-8"?>
<testng-results ignored="0" total="1" passed="1" failed="0" skipped="0">
  <reporter-output>
  </reporter-output>
  <suite started-at="2023-07-11T11:27:52 IST" name="Default suite" finished-at="2023-07-11T11:28:25 IST" duration-ms="32809">
    <groups>
    </groups>
    <test started-at="2023-07-11T11:27:52 IST" name="Default test" finished-at="2023-07-11T11:28:25 IST" duration-ms="32809">
      <class name="POM_DDF_TestNG_BaseClass_UtilityClass_CaptureSSOfFailedTCes_PropertyFile.newtestclass">
        <test-method is-config="true" signature="OpenBrowser()[pri:0, instance:POM_DDF_TestNG_BaseClass_UtilityClass_CaptureSSOfFailedTCes_PropertyFile.newtestclass@55a147cc]" started-at="2023-07-11T11:27:52 IST" name="OpenBrowser" finished-at="2023-07-11T11:28:09 IST" duration-ms="16229" status="PASS">
          <reporter-output>
          </reporter-output>
        </test-method> <!-- OpenBrowser -->
        <test-method is-config="true" signature="loginToApp()[pri:0, instance:POM_DDF_TestNG_BaseClass_UtilityClass_CaptureSSOfFailedTCes_PropertyFile.newtestclass@55a147cc]" started-at="2023-07-11T11:28:09 IST" name="loginToApp" finished-at="2023-07-11T11:28:15 IST" duration-ms="6148" status="PASS">
          <reporter-output>
          </reporter-output>
        </test-method> <!-- loginToApp -->
        <test-method signature="verifyDOB()[pri:0, instance:POM_DDF_TestNG_BaseClass_UtilityClass_CaptureSSOfFailedTCes_PropertyFile.newtestclass@55a147cc]" started-at="2023-07-11T11:28:15 IST" name="verifyDOB" finished-at="2023-07-11T11:28:23 IST" duration-ms="7864" status="PASS">
          <reporter-output>
          </reporter-output>
        </test-method> <!-- verifyDOB -->
        <test-method is-config="true" signature="logoutFromApp()[pri:0, instance:POM_DDF_TestNG_BaseClass_UtilityClass_CaptureSSOfFailedTCes_PropertyFile.newtestclass@55a147cc]" started-at="2023-07-11T11:28:23 IST" name="logoutFromApp" finished-at="2023-07-11T11:28:23 IST" duration-ms="0" status="PASS">
          <reporter-output>
          </reporter-output>
        </test-method> <!-- logoutFromApp -->
        <test-method is-config="true" signature="closeBrowser()[pri:0, instance:POM_DDF_TestNG_BaseClass_UtilityClass_CaptureSSOfFailedTCes_PropertyFile.newtestclass@55a147cc]" started-at="2023-07-11T11:28:23 IST" name="closeBrowser" finished-at="2023-07-11T11:28:25 IST" duration-ms="2408" status="PASS">
          <reporter-output>
          </reporter-output>
        </test-method> <!-- closeBrowser -->
      </class> <!-- POM_DDF_TestNG_BaseClass_UtilityClass_CaptureSSOfFailedTCes_PropertyFile.newtestclass -->
    </test> <!-- Default test -->
  </suite> <!-- Default suite -->
</testng-results>
